23:24:46 [INFO] 交易日: 2026-06-22
23:24:46 [INFO] 月度到期日: ['2026-07-17', '2026-08-21']
23:24:47 [INFO] NVDA $208.65 (-0.97%)
23:24:47 [INFO] TSLA $405.05 (+1.14%)
23:24:48 [INFO] 期权链: 148 条 (moneyness 过滤后)
23:24:48 [INFO] OI 快照写入 148 条 (2026-06-22)
23:24:48 [INFO] OI 快照: 148 条
23:24:48 [INFO] Initialized Historical(gateway=https://hist.databento.com)
23:24:48 [INFO] Databento NVDA trades ...
23:24:48 [WARNING] Databento 失败: 422 data_end_after_available_end
The dataset OPRA.PILLAR has data available up to '2026-06-22 22:30:00+00:00'. The `end` in the query ('2026-06-22 23:59:00+00:00') is after the available range. Try requesting with an earlier `end`.
documentation: https://databento.com/docs/api-reference-historical/basics/datasets, 尝试长桥...
23:24:48 [INFO] 长桥检查: SDK=OK, key=OK, secret=OK, token=OK
23:24:49 [WARNING] 长桥失败: OpenApiException: (kind=ErrorKind.OpenApi, code=401003, trace_id=256dd0db314d09ae6d9da40bf6aaf371) token expired, 降级到 yfinance...
23:24:50 [INFO] ✓ 数据源: yfinance (282 条高成交量合约)
23:24:50 [INFO] 大单: 282 笔
23:24:51 [INFO] 宏观指标: VIX恐慌指数 17.3(+5.4%), 10Y美债利率 4.5(+1.3%), 原油 74.2(-3.2%), 黄金 4209.2(-0.4%), 美元指数 101.0(+0.1%)
23:24:52 [INFO] NVDA 2026-07-17 OTM过滤: Call≥219, Put≤198, 剩余8条
23:24:52 [INFO] 报告: reports/daily/NVDA_2026-06-22.md
23:24:52 [INFO] NVDA 2026-07-17: Call 73% | Call $40.1M / Put $14.8M | Top Call: 225C / Top Put: 190P
23:24:52 [INFO] NVDA 2026-08-21 OTM过滤: Call≥219, Put≤198, 剩余8条
23:24:52 [INFO] 报告: reports/daily/NVDA_2026-06-22.md
23:24:52 [INFO] NVDA 2026-08-21: Call 60% | Call $21.5M / Put $14.2M | Top Call: 230C / Top Put: 180P
23:24:52 [INFO] TSLA 2026-07-17 OTM过滤: Call≥425, Put≤385, 剩余16条
23:24:52 [INFO] 报告: reports/daily/TSLA_2026-06-22.md
23:24:52 [INFO] TSLA 2026-07-17: Call 50% | Call $41.7M / Put $41.3M | Top Call: 450C / Top Put: 380P
23:24:52 [INFO] TSLA 2026-08-21 OTM过滤: Call≥425, Put≤385, 剩余16条
23:24:52 [INFO] 报告: reports/daily/TSLA_2026-06-22.md
23:24:52 [INFO] TSLA 2026-08-21: Call 46% | Call $17.9M / Put $21.3M | Top Call: 450C / Top Put: 350P
23:24:55 [INFO] Pipeline 完成 ✓
